This is pdfTeX, Version 3.14159265-2.6-1.40.19 (TeX Live 2019/dev/Debian) (preloaded format=latex 2019.9.30)  30 SEP 2019 22:52
entering extended mode
 restricted \write18 enabled.
 %&-line parsing enabled.
**title.tex
(./title.tex
LaTeX2e <2018-12-01>

! LaTeX Error: Missing \begin{document}.

See the LaTeX manual or LaTeX Companion for explanation.
Type  H <return>  for immediate help.
 ...                                              
                                                  
l.5 \begin{center}
                  
You're in trouble here.  Try typing  <return>  to proceed.
If that doesn't work, type  X <return>  to quit.


Overfull \hbox (20.0pt too wide) in paragraph at lines 5--5
[] 
 []

! Undefined control sequence.
l.7 {\large
            Universitat Politècnica de Catalunya}
The control sequence at the end of the top line
of your error message was never \def'ed. If you have
misspelled it (e.g., `\hobx'), type `I' and the correct
spelling (e.g., `I\hbox'). Otherwise just continue,
and I'll forget about whatever was undefined.

Missing character: There is no U in font nullfont!
Missing character: There is no n in font nullfont!
Missing character: There is no i in font nullfont!
Missing character: There is no v in font nullfont!
Missing character: There is no e in font nullfont!
Missing character: There is no r in font nullfont!
Missing character: There is no s in font nullfont!
Missing character: There is no i in font nullfont!
Missing character: There is no t in font nullfont!
Missing character: There is no a in font nullfont!
Missing character: There is no t in font nullfont!
Missing character: There is no P in font nullfont!
Missing character: There is no o in font nullfont!
Missing character: There is no l in font nullfont!
Missing character: There is no i in font nullfont!
Missing character: There is no t in font nullfont!
LaTeX Font Info:    Try loading font information for +cmr on input line 7.
LaTeX Font Info:    No file cmr.fd. on input line 7.

LaTeX Font Warning: Font shape `/cmr/m/n' undefined
(Font)              using `/cmr/m/n' instead on input line 7.

! Corrupted NFSS tables.
wrong@fontshape ...message {Corrupted NFSS tables}
                                                  error@fontshape else let f...
l.7 {\large Universitat Politè
                               cnica de Catalunya}
This error message was generated by an \errmessage
command, so I can't give any explicit help.
Pretend that you're Hercule Poirot: Examine all clues,
and deduce the truth by order and method.


LaTeX Font Warning: Font shape `/cmr/m/n' undefined
(Font)              using `OT1/cmr/m/n' instead on input line 7.

Missing character: There is no c in font nullfont!
Missing character: There is no n in font nullfont!
Missing character: There is no i in font nullfont!
Missing character: There is no c in font nullfont!
Missing character: There is no a in font nullfont!
Missing character: There is no d in font nullfont!
Missing character: There is no e in font nullfont!
Missing character: There is no C in font nullfont!
Missing character: There is no a in font nullfont!
Missing character: There is no t in font nullfont!
Missing character: There is no a in font nullfont!
Missing character: There is no l in font nullfont!
Missing character: There is no u in font nullfont!
Missing character: There is no n in font nullfont!
Missing character: There is no y in font nullfont!
Missing character: There is no a in font nullfont!

Overfull \hbox (9.44446pt too wide) in paragraph at lines 7--8
 \/cmr/m/n/10 ^^Re 
 []

! Undefined control sequence.
l.10 {\large
             Facultat d'Informàtica de Barcelona (FIB)}
The control sequence at the end of the top line
of your error message was never \def'ed. If you have
misspelled it (e.g., `\hobx'), type `I' and the correct
spelling (e.g., `I\hbox'). Otherwise just continue,
and I'll forget about whatever was undefined.

Missing character: There is no F in font nullfont!
Missing character: There is no a in font nullfont!
Missing character: There is no c in font nullfont!
Missing character: There is no u in font nullfont!
Missing character: There is no l in font nullfont!
Missing character: There is no t in font nullfont!
Missing character: There is no a in font nullfont!
Missing character: There is no t in font nullfont!
Missing character: There is no d in font nullfont!
Missing character: There is no ' in font nullfont!
Missing character: There is no I in font nullfont!
Missing character: There is no n in font nullfont!
Missing character: There is no f in font nullfont!
Missing character: There is no o in font nullfont!
Missing character: There is no r in font nullfont!
Missing character: There is no m in font nullfont!
Missing character: There is no t in font nullfont!
Missing character: There is no i in font nullfont!
Missing character: There is no c in font nullfont!
Missing character: There is no a in font nullfont!
Missing character: There is no d in font nullfont!
Missing character: There is no e in font nullfont!
Missing character: There is no B in font nullfont!
Missing character: There is no a in font nullfont!
Missing character: There is no r in font nullfont!
Missing character: There is no c in font nullfont!
Missing character: There is no e in font nullfont!
Missing character: There is no l in font nullfont!
Missing character: There is no o in font nullfont!
Missing character: There is no n in font nullfont!
Missing character: There is no a in font nullfont!
Missing character: There is no ( in font nullfont!
Missing character: There is no F in font nullfont!
Missing character: There is no I in font nullfont!
Missing character: There is no B in font nullfont!
Missing character: There is no ) in font nullfont!

Overfull \hbox (5.00002pt too wide) in paragraph at lines 10--11
 \/cmr/m/n/10 ^^Ra 
 []

! Undefined control sequence.
l.13 {\bfseries\Large
                      Trabajo de Fin de Grado}
The control sequence at the end of the top line
of your error message was never \def'ed. If you have
misspelled it (e.g., `\hobx'), type `I' and the correct
spelling (e.g., `I\hbox'). Otherwise just continue,
and I'll forget about whatever was undefined.


Overfull \hbox (39.24976pt too wide) in paragraph at lines 13--14
 []\OT1/cmr/bx/n/10 Trabajo 
 []


Overfull \hbox (11.65967pt too wide) in paragraph at lines 13--14
 \OT1/cmr/bx/n/10 de 
 []


Overfull \hbox (16.81935pt too wide) in paragraph at lines 13--14
 \OT1/cmr/bx/n/10 Fin 
 []


Overfull \hbox (11.65967pt too wide) in paragraph at lines 13--14
 \OT1/cmr/bx/n/10 de 
 []


Overfull \hbox (31.50676pt too wide) in paragraph at lines 13--14
 \OT1/cmr/bx/n/10 Grado 
 []

! Undefined control sequence.
<argument> \includegraphics 
                            [width=60mm]{media/FIB_UPC.png}
l.16 ...egraphics[width=60mm]{media/FIB_UPC.png}}}
                                                  
The control sequence at the end of the top line
of your error message was never \def'ed. If you have
misspelled it (e.g., `\hobx'), type `I' and the correct
spelling (e.g., `I\hbox'). Otherwise just continue,
and I'll forget about whatever was undefined.

Missing character: There is no [ in font nullfont!
Missing character: There is no w in font nullfont!
Missing character: There is no i in font nullfont!
Missing character: There is no d in font nullfont!
Missing character: There is no t in font nullfont!
Missing character: There is no h in font nullfont!
Missing character: There is no = in font nullfont!
Missing character: There is no 6 in font nullfont!
Missing character: There is no 0 in font nullfont!
Missing character: There is no m in font nullfont!
Missing character: There is no m in font nullfont!
Missing character: There is no ] in font nullfont!
Missing character: There is no m in font nullfont!
Missing character: There is no e in font nullfont!
Missing character: There is no d in font nullfont!
Missing character: There is no i in font nullfont!
Missing character: There is no a in font nullfont!
Missing character: There is no / in font nullfont!
Missing character: There is no F in font nullfont!
Missing character: There is no I in font nullfont!
Missing character: There is no B in font nullfont!
! Missing $ inserted.
<inserted text> 
                $
l.16 ...egraphics[width=60mm]{media/FIB_UPC.png}}}
                                                  
I've inserted a begin-math/end-math symbol since I think
you left one out. Proceed, with fingers crossed.

LaTeX Font Info:    External font `cmex10' loaded for size
(Font)              <7> on input line 16.
LaTeX Font Info:    External font `cmex10' loaded for size
(Font)              <5> on input line 16.
! Extra }, or forgotten $.
<argument> ...hics [width=60mm]{media/FIB_UPC.png}
                                                  
l.16 ...egraphics[width=60mm]{media/FIB_UPC.png}}}
                                                  
I've deleted a group-closing symbol because it seems to be
spurious, as in `$x}$'. But perhaps the } is legitimate and
you forgot something else, as in `\hbox{$x}'. In such cases
the way to recover is to insert both the forgotten and the
deleted material, e.g., by typing `I$}'.

! Extra }, or forgotten $.
\mbox #1->\leavevmode \hbox {#1}
                                
l.16 ...egraphics[width=60mm]{media/FIB_UPC.png}}}
                                                  
I've deleted a group-closing symbol because it seems to be
spurious, as in `$x}$'. But perhaps the } is legitimate and
you forgot something else, as in `\hbox{$x}'. In such cases
the way to recover is to insert both the forgotten and the
deleted material, e.g., by typing `I$}'.

! Extra }, or forgotten $.
\centerline #1->\@@line {\hss #1\hss }
                                      
l.16 ...egraphics[width=60mm]{media/FIB_UPC.png}}}
                                                  
I've deleted a group-closing symbol because it seems to be
spurious, as in `$x}$'. But perhaps the } is legitimate and
you forgot something else, as in `\hbox{$x}'. In such cases
the way to recover is to insert both the forgotten and the
deleted material, e.g., by typing `I$}'.

! Missing $ inserted.
<inserted text> 
                $
l.17 
     
I've inserted a begin-math/end-math symbol since I think
you left one out. Proceed, with fingers crossed.

! Missing } inserted.
<inserted text> 
                }
l.17 
     
I've inserted something that you may have forgotten.
(See the <inserted text> above.)
With luck, this will get me unwedged. But if you
really didn't forget anything, try typing `2' now; then
my insertion and my current dilemma will both disappear.

! Missing } inserted.
<inserted text> 
                }
l.18 \vfill
           
I've inserted something that you may have forgotten.
(See the <inserted text> above.)
With luck, this will get me unwedged. But if you
really didn't forget anything, try typing `2' now; then
my insertion and my current dilemma will both disappear.

! Missing } inserted.
<inserted text> 
                }
l.18 \vfill
           
I've inserted something that you may have forgotten.
(See the <inserted text> above.)
With luck, this will get me unwedged. But if you
really didn't forget anything, try typing `2' now; then
my insertion and my current dilemma will both disappear.

! Undefined control sequence.
l.21 {\LARGE
             Jordi Gil González}
The control sequence at the end of the top line
of your error message was never \def'ed. If you have
misspelled it (e.g., `\hobx'), type `I' and the correct
spelling (e.g., `I\hbox'). Otherwise just continue,
and I'll forget about whatever was undefined.

Missing character: There is no J in font nullfont!
Missing character: There is no o in font nullfont!
Missing character: There is no r in font nullfont!
Missing character: There is no d in font nullfont!
Missing character: There is no i in font nullfont!
Missing character: There is no G in font nullfont!
Missing character: There is no i in font nullfont!
Missing character: There is no l in font nullfont!
Missing character: There is no G in font nullfont!
Missing character: There is no o in font nullfont!
Missing character: There is no n in font nullfont!
Missing character: There is no z in font nullfont!
Missing character: There is no l in font nullfont!
Missing character: There is no e in font nullfont!
Missing character: There is no z in font nullfont!

Overfull \hbox (5.00002pt too wide) in paragraph at lines 21--22
 \/cmr/m/n/10 ^^Sa 
 []

! Undefined control sequence.
l.26 {\LARGE
            \bfseries Análisis del método de renderizado \\ Path Tracing e...
The control sequence at the end of the top line
of your error message was never \def'ed. If you have
misspelled it (e.g., `\hobx'), type `I' and the correct
spelling (e.g., `I\hbox'). Otherwise just continue,
and I'll forget about whatever was undefined.


Overfull \hbox (39.3289pt too wide) in paragraph at lines 26--26
 []\OT1/cmr/bx/n/10 An^^Salisis 
 []


Overfull \hbox (14.8541pt too wide) in paragraph at lines 26--26
 \OT1/cmr/bx/n/10 del 
 []


Overfull \hbox (37.53453pt too wide) in paragraph at lines 26--26
 \OT1/cmr/bx/n/10 m^^Setodo 
 []


Overfull \hbox (11.65967pt too wide) in paragraph at lines 26--26
 \OT1/cmr/bx/n/10 de 
 []


Overfull \hbox (20.22908pt too wide) in paragraph at lines 26--26
 \OT1/cmr/bx/n/10 ren- 
 []


Overfull \hbox (20.22908pt too wide) in paragraph at lines 26--26
 \OT1/cmr/bx/n/10 der- 
 []


Overfull \hbox (26.03456pt too wide) in paragraph at lines 26--26
 \OT1/cmr/bx/n/10 izado 
 []


Overfull \hbox (23.9929pt too wide) in paragraph at lines 26--27
 []\OT1/cmr/bx/n/10 Path 
 []


Overfull \hbox (26.31235pt too wide) in paragraph at lines 26--27
 \OT1/cmr/bx/n/10 Trac- 
 []


Overfull \hbox (15.33325pt too wide) in paragraph at lines 26--27
 \OT1/cmr/bx/n/10 ing 
 []


Overfull \hbox (11.65967pt too wide) in paragraph at lines 26--27
 \OT1/cmr/bx/n/10 en 
 []


Overfull \hbox (25.01375pt too wide) in paragraph at lines 26--27
 \OT1/cmr/bx/n/10 CPU 
 []


Overfull \hbox (6.06941pt too wide) in paragraph at lines 26--27
 \OT1/cmr/bx/n/10 y 
 []


Overfull \hbox (25.74985pt too wide) in paragraph at lines 26--27
 \OT1/cmr/bx/n/10 GPU 
 []

! Undefined control sequence.
l.28 \normalfont \small
                        \sffamily{Entrega 1: Contexto y alcance del proyecto}
The control sequence at the end of the top line
of your error message was never \def'ed. If you have
misspelled it (e.g., `\hobx'), type `I' and the correct
spelling (e.g., `I\hbox'). Otherwise just continue,
and I'll forget about whatever was undefined.


Overfull \hbox (32.41673pt too wide) in paragraph at lines 28--29
 []\OT1/cmss/m/n/10 Entrega 
 []


Overfull \hbox (7.7778pt too wide) in paragraph at lines 28--29
 \OT1/cmss/m/n/10 1: 
 []


Overfull \hbox (19.88892pt too wide) in paragraph at lines 28--29
 \OT1/cmss/m/n/10 Con- 
 []


Overfull \hbox (21.27782pt too wide) in paragraph at lines 28--29
 \OT1/cmss/m/n/10 texto 
 []


Overfull \hbox (4.61113pt too wide) in paragraph at lines 28--29
 \OT1/cmss/m/n/10 y 
 []


Overfull \hbox (10.52779pt too wide) in paragraph at lines 28--29
 \OT1/cmss/m/n/10 al- 
 []


Overfull \hbox (23.30557pt too wide) in paragraph at lines 28--29
 \OT1/cmss/m/n/10 cance 
 []


Overfull \hbox (12.0pt too wide) in paragraph at lines 28--29
 \OT1/cmss/m/n/10 del 
 []


Overfull \hbox (34.86116pt too wide) in paragraph at lines 28--29
 \OT1/cmss/m/n/10 proyecto 
 []


Overfull \hbox (54.36122pt too wide) in paragraph at lines 32--33
 []\OT1/cmss/m/n/10 Departament 
 []


Overfull \hbox (9.61111pt too wide) in paragraph at lines 32--33
 \OT1/cmss/m/n/10 de 
 []


Overfull \hbox (33.5pt too wide) in paragraph at lines 32--33
 \OT1/cmss/m/n/10 Ci^^Rencies 
 []


Overfull \hbox (9.61111pt too wide) in paragraph at lines 32--33
 \OT1/cmss/m/n/10 de 
 []


Overfull \hbox (7.19446pt too wide) in paragraph at lines 32--33
 \OT1/cmss/m/n/10 la 
 []


Overfull \hbox (22.6667pt too wide) in paragraph at lines 32--33
 \OT1/cmss/m/n/10 Com- 
 []


Overfull \hbox (30.58337pt too wide) in paragraph at lines 32--33
 \OT1/cmss/m/n/10 putaci^^So 
 []


Overfull \hbox (266.0839pt too wide) in paragraph at lines 37--46
 [][] 
 []

! Undefined control sequence.
l.49 \large
            Curso Académico 2019/2020
The control sequence at the end of the top line
of your error message was never \def'ed. If you have
misspelled it (e.g., `\hobx'), type `I' and the correct
spelling (e.g., `I\hbox'). Otherwise just continue,
and I'll forget about whatever was undefined.


Overfull \hbox (23.8056pt too wide) in paragraph at lines 49--50
 []\OT1/cmss/m/n/10 Curso 
 []


Overfull \hbox (45.30562pt too wide) in paragraph at lines 49--50
 \OT1/cmss/m/n/10 Acad^^Semico 
 []


Overfull \hbox (45.00014pt too wide) in paragraph at lines 49--50
 \OT1/cmss/m/n/10 2019/2020 
 []

! Undefined control sequence.
l.51 \large
            \today
The control sequence at the end of the top line
of your error message was never \def'ed. If you have
misspelled it (e.g., `\hobx'), type `I' and the correct
spelling (e.g., `I\hbox'). Otherwise just continue,
and I'll forget about whatever was undefined.

! Undefined control sequence.
l.51 \large \today
                  
The control sequence at the end of the top line
of your error message was never \def'ed. If you have
misspelled it (e.g., `\hobx'), type `I' and the correct
spelling (e.g., `I\hbox'). Otherwise just continue,
and I'll forget about whatever was undefined.

)
! Emergency stop.
<*> title.tex
             
*** (job aborted, no legal \end found)

 
Here is how much of TeX's memory you used:
 27 strings out of 492616
 341 string characters out of 6131416
 58954 words of memory out of 5000000
 4038 multiletter control sequences out of 15000+600000
 4253 words of font info for 16 fonts, out of 8000000 for 9000
 1141 hyphenation exceptions out of 8191
 21i,7n,16p,111b,186s stack positions out of 5000i,500n,10000p,200000b,80000s
No pages of output.
