\BOOKMARK [0][-]{chapter.1}{Contextualization and Scope of the project}{}% 1
\BOOKMARK [1][-]{section.1.1}{Introduction}{chapter.1}% 2
\BOOKMARK [1][-]{section.1.2}{Contextualization}{chapter.1}% 3
\BOOKMARK [2][-]{subsection.1.2.1}{Context}{section.1.2}% 4
\BOOKMARK [2][-]{subsection.1.2.2}{Stakeholders}{section.1.2}% 5
\BOOKMARK [1][-]{section.1.3}{Justification}{chapter.1}% 6
\BOOKMARK [1][-]{section.1.4}{Project Scope}{chapter.1}% 7
\BOOKMARK [2][-]{subsection.1.4.1}{Objectives}{section.1.4}% 8
\BOOKMARK [2][-]{subsection.1.4.2}{Obstacles and risk}{section.1.4}% 9
\BOOKMARK [1][-]{section.1.5}{Methodology and rigour}{chapter.1}% 10
\BOOKMARK [2][-]{subsection.1.5.1}{Methodology}{section.1.5}% 11
\BOOKMARK [1][-]{section.1.6}{Development tools}{chapter.1}% 12
\BOOKMARK [1][-]{section.1.7}{Monitoring tools}{chapter.1}% 13
\BOOKMARK [0][-]{chapter.2}{Project Management}{}% 14
\BOOKMARK [1][-]{section.2.1}{Planning}{chapter.2}% 15
\BOOKMARK [1][-]{section.2.2}{Task description and resources used}{chapter.2}% 16
\BOOKMARK [2][-]{subsection.2.2.1}{Task description}{section.2.2}% 17
\BOOKMARK [2][-]{subsection.2.2.2}{Summary table and estimation}{section.2.2}% 18
\BOOKMARK [2][-]{subsection.2.2.3}{Resources used}{section.2.2}% 19
\BOOKMARK [1][-]{section.2.3}{Risk management: Alternative plans and obstacles}{chapter.2}% 20
\BOOKMARK [1][-]{section.2.4}{Knowledge Integration}{chapter.2}% 21
\BOOKMARK [1][-]{section.2.5}{Identification of laws and regulations}{chapter.2}% 22
\BOOKMARK [0][-]{chapter.3}{Budget and sustainability}{}% 23
\BOOKMARK [1][-]{section.3.1}{Budget}{chapter.3}% 24
\BOOKMARK [2][-]{subsection.3.1.1}{Direct costs}{section.3.1}% 25
\BOOKMARK [2][-]{subsection.3.1.2}{Indirect costs}{section.3.1}% 26
\BOOKMARK [2][-]{subsection.3.1.3}{Unexpected costs}{section.3.1}% 27
\BOOKMARK [2][-]{subsection.3.1.4}{Total budget}{section.3.1}% 28
\BOOKMARK [1][-]{section.3.2}{Management and budgetary control}{chapter.3}% 29
\BOOKMARK [1][-]{section.3.3}{Sustainability}{chapter.3}% 30
\BOOKMARK [2][-]{subsection.3.3.1}{Self-assessment}{section.3.3}% 31
\BOOKMARK [2][-]{subsection.3.3.2}{Environmental impact}{section.3.3}% 32
\BOOKMARK [2][-]{subsection.3.3.3}{Economical impact}{section.3.3}% 33
\BOOKMARK [2][-]{subsection.3.3.4}{Social impact}{section.3.3}% 34
\BOOKMARK [0][-]{chapter.4}{Design and Development}{}% 35
\BOOKMARK [1][-]{section.4.1}{Introduction}{chapter.4}% 36
\BOOKMARK [1][-]{section.4.2}{What is a ray?}{chapter.4}% 37
\BOOKMARK [1][-]{section.4.3}{Triangles}{chapter.4}% 38
\BOOKMARK [1][-]{section.4.4}{Materials}{chapter.4}% 39
\BOOKMARK [1][-]{section.4.5}{Textures}{chapter.4}% 40
\BOOKMARK [1][-]{section.4.6}{BVH}{chapter.4}% 41
\BOOKMARK [0][-]{section*.28}{Appendices}{}% 42
\BOOKMARK [0][-]{Appendix.1.A}{Gantt Diagram}{}% 43
