\BOOKMARK [0][-]{chapter.1}{Contextualization and scope of the project}{}% 1
\BOOKMARK [1][-]{section.1.1}{Introduction}{chapter.1}% 2
\BOOKMARK [1][-]{section.1.2}{Contextualization}{chapter.1}% 3
\BOOKMARK [2][-]{subsection.1.2.1}{Context}{section.1.2}% 4
\BOOKMARK [2][-]{subsection.1.2.2}{Stakeholders}{section.1.2}% 5
\BOOKMARK [1][-]{section.1.3}{Justificaci\363n}{chapter.1}% 6
\BOOKMARK [1][-]{section.1.4}{Alcance del proyecto}{chapter.1}% 7
\BOOKMARK [2][-]{subsection.1.4.1}{Objetivos}{section.1.4}% 8
\BOOKMARK [2][-]{subsection.1.4.2}{Obst\341culos y riesgos del proyecto}{section.1.4}% 9
\BOOKMARK [1][-]{section.1.5}{Metodolog\355a y rigor}{chapter.1}% 10
\BOOKMARK [2][-]{subsection.1.5.1}{Metodolog\355a}{section.1.5}% 11
\BOOKMARK [2][-]{subsection.1.5.2}{Herramientas de desarrollo}{section.1.5}% 12
\BOOKMARK [2][-]{subsection.1.5.3}{Herramientas de seguimiento}{section.1.5}% 13
\BOOKMARK [0][-]{chapter.2}{Planificaci\363n temporal}{}% 14
\BOOKMARK [1][-]{section.2.1}{Planificaci\363n y programaci\363n}{chapter.2}% 15
\BOOKMARK [1][-]{section.2.2}{Descripci\363n de tareas y recursos utilizados}{chapter.2}% 16
\BOOKMARK [2][-]{subsection.2.2.1}{Descripci\363n de tareas}{section.2.2}% 17
\BOOKMARK [2][-]{subsection.2.2.2}{Tabla resumen y Estimaci\363n}{section.2.2}% 18
\BOOKMARK [2][-]{subsection.2.2.3}{Recursos utilizados}{section.2.2}% 19
\BOOKMARK [1][-]{section.2.3}{Gesti\363n de riesgos: Planes alternativos y obst\341culos}{chapter.2}% 20
\BOOKMARK [1][-]{section.2.4}{Diagrama de Gantt}{chapter.2}% 21
\BOOKMARK [0][-]{chapter.3}{Presupuesto y sostenibilidad}{}% 22
\BOOKMARK [1][-]{section.3.1}{Presupuesto}{chapter.3}% 23
\BOOKMARK [2][-]{subsection.3.1.1}{Costes directos}{section.3.1}% 24
\BOOKMARK [2][-]{subsection.3.1.2}{Costes indirectos}{section.3.1}% 25
\BOOKMARK [2][-]{subsection.3.1.3}{Costes inesperados}{section.3.1}% 26
\BOOKMARK [2][-]{subsection.3.1.4}{Presupuesto total}{section.3.1}% 27
\BOOKMARK [1][-]{section.3.2}{Control de gesti\363n}{chapter.3}% 28
\BOOKMARK [1][-]{section.3.3}{Sostenibilidad}{chapter.3}% 29
\BOOKMARK [2][-]{subsection.3.3.1}{Autoevaluaci\363n}{section.3.3}% 30
\BOOKMARK [2][-]{subsection.3.3.2}{Impacto ambiental}{section.3.3}% 31
\BOOKMARK [2][-]{subsection.3.3.3}{Impacto econ\363mico}{section.3.3}% 32
\BOOKMARK [2][-]{subsection.3.3.4}{Impacto social}{section.3.3}% 33
